2023-03-16 13:55:08,245 INFO __init__: Подключение к базе данных установлено.
2023-03-16 16:03:54,610 INFO __init__: Подключение к базе данных установлено.
2023-03-16 19:20:13,668 INFO __init__: Подключение к базе данных установлено.
2023-04-22 17:20:25,731 INFO __init__: Подключение к базе данных установлено.
2023-04-22 18:04:55,757 INFO __init__: Подключение к базе данных установлено.
2023-04-22 18:14:39,247 INFO __init__: Подключение к базе данных установлено.
2023-04-22 18:20:12,336 INFO __init__: Подключение к базе данных установлено.
2023-04-22 18:26:40,771 INFO __init__: Подключение к базе данных установлено.
2023-04-22 18:32:15,938 INFO __init__: Подключение к базе данных установлено.
2023-04-22 18:38:48,323 INFO __init__: Подключение к базе данных установлено.
2023-04-22 19:49:36,450 INFO __init__: Подключение к базе данных установлено.
2023-04-22 19:51:11,205 INFO __init__: Подключение к базе данных установлено.
2023-04-22 19:56:23,048 INFO __init__: Подключение к базе данных установлено.
2023-04-22 20:02:35,527 INFO __init__: Подключение к базе данных установлено.
2023-04-22 20:04:26,335 INFO get_info: Соединение с базой данных закрыто
2023-04-22 21:41:35,789 INFO __init__: Подключение к базе данных установлено.
2023-04-22 21:42:29,189 INFO get_info: Соединение с базой данных закрыто
2023-04-22 21:45:02,232 INFO __init__: Подключение к базе данных установлено.
2023-04-22 21:46:48,069 INFO get_info: Соединение с базой данных закрыто
2023-04-22 21:49:59,627 INFO __init__: Подключение к базе данных установлено.
2023-04-22 21:50:38,162 INFO get_info: Соединение с базой данных закрыто
2023-04-22 21:52:23,453 INFO __init__: Подключение к базе данных установлено.
2023-04-22 21:53:01,461 INFO get_info: Соединение с базой данных закрыто
2023-04-22 21:55:15,466 INFO __init__: Подключение к базе данных установлено.
2023-04-22 21:56:04,380 INFO get_info: Соединение с базой данных закрыто
2023-04-22 21:59:05,363 INFO __init__: Подключение к базе данных установлено.
2023-04-22 21:59:44,276 INFO get_info: Соединение с базой данных закрыто
2023-04-22 22:04:32,779 INFO __init__: Подключение к базе данных установлено.
2023-04-22 22:05:06,215 INFO get_info: Соединение с базой данных закрыто
2023-04-22 22:07:35,798 INFO __init__: Подключение к базе данных установлено.
2023-04-22 22:08:10,044 INFO get_info: Соединение с базой данных закрыто
2023-04-22 22:09:16,361 INFO userreg: Внесены данные пользователя test (ip: 1) в базу данных
2023-04-22 22:10:10,973 INFO userreg: Соединение с базой данных закрыто
2023-04-22 22:21:26,448 INFO __init__: Подключение к базе данных установлено.
2023-04-22 22:22:19,183 INFO get_info: Соединение с базой данных закрыто
2023-04-22 22:24:04,483 INFO __init__: Подключение к базе данных установлено.
2023-04-22 22:24:37,166 INFO get_info: Соединение с базой данных закрыто
2023-04-22 22:26:13,757 INFO get_info: Соединение с базой данных закрыто
2023-04-22 22:32:23,631 INFO __init__: Подключение к базе данных установлено.
2023-04-22 22:33:12,955 INFO get_info: Соединение с базой данных закрыто
2023-04-22 22:33:12,956 INFO get_info: Соединение с базой данных закрыто
2023-04-22 22:38:28,802 INFO __init__: Подключение к базе данных установлено.
2023-04-22 22:40:23,453 INFO get_info: Соединение с базой данных закрыто
2023-04-23 17:16:52,298 INFO __init__: Подключение к базе данных установлено.
2023-04-23 17:17:31,778 INFO get_info: Соединение с базой данных закрыто
2023-04-23 17:17:31,779 INFO get_info: Соединение с базой данных закрыто
2023-04-23 17:37:33,166 INFO __init__: Подключение к базе данных установлено.
2023-04-23 17:39:07,754 INFO get_info: Соединение с базой данных закрыто
2023-04-23 17:39:26,028 INFO get_info: Соединение с базой данных закрыто
2023-04-23 17:43:33,824 INFO __init__: Подключение к базе данных установлено.
2023-04-23 17:44:25,791 INFO get_info: Соединение с базой данных закрыто
2023-04-23 17:44:36,817 INFO get_info: Соединение с базой данных закрыто
2023-04-23 17:44:42,991 INFO userauth: Соединение с базой данных закрыто
2023-04-23 17:47:40,322 INFO __init__: Подключение к базе данных установлено.
2023-04-23 17:49:29,484 INFO get_info: Соединение с базой данных закрыто
2023-04-23 17:49:38,655 INFO get_info: Соединение с базой данных закрыто
2023-04-23 17:49:42,559 INFO userauth: Соединение с базой данных закрыто
2023-04-23 17:52:14,954 INFO __init__: Подключение к базе данных установлено.
2023-04-23 17:53:18,927 INFO get_info: Соединение с базой данных закрыто
2023-04-23 17:53:23,630 INFO get_info: Соединение с базой данных закрыто
2023-04-23 17:53:26,126 INFO userauth: Соединение с базой данных закрыто
2023-04-23 17:53:26,127 INFO change_status: Обновлена информация о пользователе с именем: test
2023-04-23 17:53:26,134 INFO change_status: Соединение с базой данных закрыто
2023-04-23 18:00:06,164 INFO __init__: Подключение к базе данных установлено.
2023-04-23 18:00:33,314 INFO get_info: Соединение с базой данных закрыто
2023-04-23 18:00:33,314 INFO get_info: Соединение с базой данных закрыто
2023-04-23 18:03:34,801 INFO __init__: Подключение к базе данных установлено.
2023-04-23 18:05:09,166 INFO get_info: Соединение с базой данных закрыто
2023-04-23 18:05:13,725 INFO get_info: Соединение с базой данных закрыто
2023-04-23 18:51:48,671 INFO __init__: Подключение к базе данных установлено.
2023-04-23 18:52:13,517 INFO get_info: Соединение с базой данных закрыто
2023-04-23 18:52:13,517 INFO get_info: Соединение с базой данных закрыто
2023-04-23 20:31:44,917 INFO __init__: Подключение к базе данных установлено.
2023-04-23 20:35:15,232 INFO __init__: Подключение к базе данных установлено.
2023-04-23 20:37:26,962 INFO get_info: Соединение с базой данных закрыто
2023-04-23 20:37:43,612 INFO get_info: Соединение с базой данных закрыто
2023-04-23 21:28:20,253 INFO __init__: Подключение к базе данных установлено.
2023-04-23 21:42:30,783 INFO __init__: Подключение к базе данных установлено.
2023-04-23 21:43:53,194 INFO get_info: Соединение с базой данных закрыто
2023-04-23 21:45:32,802 INFO __init__: Подключение к базе данных установлено.
2023-04-23 21:46:36,558 INFO get_info: Соединение с базой данных закрыто
2023-04-30 17:16:46,512 INFO __init__: Подключение к базе данных установлено.
2023-04-30 17:17:05,146 INFO get_info: Соединение с базой данных закрыто
2023-04-30 17:19:10,570 INFO change_status: Обновлена информация о пользователе с именем: ALL
2023-04-30 17:19:10,570 INFO change_status: Соединение с базой данных закрыто
2023-04-30 17:19:10,570 INFO __init__: Подключение к базе данных установлено.
2023-04-30 17:20:46,834 INFO __init__: Подключение к базе данных установлено.
2023-04-30 17:21:33,825 INFO get_info: Соединение с базой данных закрыто
2023-04-30 17:22:11,829 INFO userreg: Внесены данные пользователя test1 (ip: 127.0.0.1) в базу данных
2023-04-30 17:41:54,861 INFO __init__: Подключение к базе данных установлено.
2023-04-30 17:43:05,783 INFO get_info: Соединение с базой данных закрыто
2023-05-02 14:33:46,288 INFO __init__: Подключение к базе данных установлено.
2023-05-02 14:37:09,888 INFO __init__: Подключение к базе данных установлено.
2023-05-02 14:39:33,117 INFO change_status: Обновлена информация о пользователе с именем: ALL
2023-05-02 14:39:33,117 INFO change_status: Соединение с базой данных закрыто
2023-05-02 14:39:33,117 INFO __init__: Подключение к базе данных установлено.
2023-05-02 14:39:50,402 INFO __init__: Подключение к базе данных установлено.
2023-05-02 15:08:54,422 INFO __init__: Подключение к базе данных установлено.
2023-05-02 15:41:18,118 INFO __init__: Подключение к базе данных установлено.
2023-05-02 16:00:30,969 INFO __init__: Подключение к базе данных установлено.
2023-05-03 12:35:00,971 INFO __init__: Подключение к базе данных установлено.
2023-05-03 12:38:14,198 INFO __init__: Подключение к базе данных установлено.
2023-05-03 12:43:20,640 INFO __init__: Подключение к базе данных установлено.
2023-05-03 13:48:43,776 INFO __init__: Подключение к базе данных установлено.
2023-05-03 13:48:45,621 INFO __init__: Соединение с базой данных закрыто
2023-05-03 13:49:34,527 INFO userreg: Подключение к базе данных установлено.
2023-05-03 13:49:34,528 INFO userreg: Проверка наличия пользователя test в базе данных
2023-05-03 13:55:09,551 INFO __init__: Подключение к базе данных установлено.
2023-05-03 13:55:10,478 INFO __init__: Соединение с базой данных закрыто
2023-05-03 13:56:21,806 INFO userreg: Подключение к базе данных установлено.
2023-05-03 13:56:21,807 INFO userreg: Проверка наличия пользователя test в базе данных
2023-05-03 14:01:49,082 INFO __init__: Подключение к базе данных установлено.
2023-05-03 14:01:50,027 INFO __init__: Соединение с базой данных закрыто
2023-05-03 14:07:59,723 INFO __init__: Подключение к базе данных установлено.
2023-05-03 14:08:00,728 INFO __init__: Соединение с базой данных закрыто
2023-05-03 14:09:21,029 INFO userreg: Подключение к базе данных установлено.
2023-05-03 14:09:21,029 INFO userreg: Проверка наличия пользователя test в базе данных
2023-05-03 14:11:14,059 INFO __init__: Подключение к базе данных установлено.
2023-05-03 14:11:14,725 INFO __init__: Соединение с базой данных закрыто
2023-05-03 14:13:45,578 INFO __init__: Подключение к базе данных установлено.
2023-05-03 14:13:45,578 INFO __init__: Соединение с базой данных закрыто
2023-05-03 14:14:17,769 INFO userreg: Подключение к базе данных установлено.
2023-05-03 14:14:17,770 INFO userreg: Проверка наличия пользователя test в базе данных
2023-05-03 14:23:19,939 INFO __init__: Подключение к базе данных установлено.
2023-05-03 14:23:19,939 INFO __init__: Соединение с базой данных закрыто
2023-05-03 14:23:39,709 INFO userreg: Подключение к базе данных установлено.
2023-05-03 14:23:39,709 INFO userreg: Проверка наличия пользователя test в базе данных
2023-05-03 14:32:55,591 INFO __init__: Подключение к базе данных установлено.
2023-05-03 14:32:55,591 INFO __init__: Соединение с базой данных закрыто
2023-05-03 14:33:27,180 INFO userreg: Подключение к базе данных установлено.
2023-05-03 14:33:27,180 INFO userreg: Проверка наличия пользователя test в базе данных
2023-05-03 14:41:48,012 INFO __init__: Подключение к базе данных установлено.
2023-05-03 14:41:48,012 INFO __init__: Соединение с базой данных закрыто
2023-05-03 14:42:10,271 INFO userreg: Подключение к базе данных установлено.
2023-05-03 14:42:10,271 INFO userreg: Проверка наличия пользователя test в базе данных
2023-05-03 14:42:40,582 INFO __init__: Подключение к базе данных установлено.
2023-05-03 14:42:40,582 INFO __init__: Соединение с базой данных закрыто
2023-05-03 14:43:05,850 INFO userreg: Подключение к базе данных установлено.
2023-05-03 14:43:05,850 INFO userreg: Проверка наличия пользователя test в базе данных
2023-05-03 14:43:05,850 INFO userreg: Внесены данные пользователя test (ip: 127.0.0.1) в базу данных
2023-05-03 15:51:46,401 INFO __init__: Подключение к базе данных установлено.
2023-05-03 15:51:47,293 INFO __init__: Соединение с базой данных закрыто
2023-05-03 15:53:03,619 INFO userreg: Подключение к базе данных установлено.
2023-05-03 15:53:03,620 INFO userreg: Проверка наличия пользователя test2 в базе данных
2023-05-03 15:53:03,620 INFO userreg: Внесены данные пользователя test2 (ip: 127.0.0.1) в базу данных
2023-05-03 15:56:28,884 INFO __init__: Подключение к базе данных установлено.
2023-05-03 15:56:28,884 INFO __init__: Соединение с базой данных закрыто
2023-05-03 15:59:31,329 INFO userreg: Подключение к базе данных установлено.
2023-05-03 15:59:37,117 INFO userreg: Проверка наличия пользователя test2 в базе данных
2023-05-03 16:05:03,371 INFO __init__: Подключение к базе данных установлено.
2023-05-03 16:05:03,371 INFO __init__: Соединение с базой данных закрыто
2023-05-03 16:07:10,720 INFO userreg: Подключение к базе данных установлено.
2023-05-03 16:07:12,821 INFO userreg: Проверка наличия пользователя test5 в базе данных
2023-05-03 16:07:17,877 INFO userreg: Внесены данные пользователя test5 (ip: 127.0.0.1) в базу данных
2023-05-03 16:43:48,226 INFO __init__: Подключение к базе данных установлено.
2023-05-03 16:43:48,227 INFO __init__: Соединение с базой данных закрыто
2023-05-03 16:45:53,840 INFO userreg: Подключение к базе данных установлено.
2023-05-03 16:45:55,150 INFO userreg: Проверка наличия пользователя test6 в базе данных
2023-05-03 16:46:00,000 INFO userreg: Внесены данные пользователя test6 (ip: 127.0.0.1) в базу данных
2023-05-03 16:51:17,895 INFO __init__: Подключение к базе данных установлено.
2023-05-03 16:51:17,895 INFO __init__: Соединение с базой данных закрыто
2023-05-03 16:52:59,515 INFO userreg: Подключение к базе данных установлено.
2023-05-03 16:53:31,063 INFO userreg: Проверка наличия пользователя test7 в базе данных
2023-05-03 16:53:33,988 INFO userreg: Внесены данные пользователя test7 (ip: 127.0.0.1) в базу данных
2023-05-03 17:14:31,970 INFO __init__: Подключение к базе данных установлено.
2023-05-03 17:14:31,970 INFO __init__: Соединение с базой данных закрыто
2023-05-03 17:15:03,771 INFO userreg: Подключение к базе данных установлено.
2023-05-03 17:15:03,771 INFO userreg: Проверка наличия пользователя test8 в базе данных
2023-05-03 17:15:03,775 INFO userreg: Внесены данные пользователя test8 (ip: 127.0.0.1) в базу данных
2023-05-03 17:29:19,539 INFO __init__: Подключение к базе данных установлено.
2023-05-03 17:29:19,540 INFO __init__: Соединение с базой данных закрыто
2023-05-03 17:31:08,052 INFO userreg: Подключение к базе данных установлено.
2023-05-03 17:31:09,951 INFO userreg: Проверка наличия пользователя test9 в базе данных
2023-05-03 17:31:14,536 INFO userreg: Внесены данные пользователя test9 (ip: 127.0.0.1) в базу данных
2023-05-03 18:24:53,331 INFO __init__: Подключение к базе данных установлено.
2023-05-03 18:24:53,331 INFO __init__: Соединение с базой данных закрыто
2023-05-03 18:26:26,415 INFO userreg: Подключение к базе данных установлено.
2023-05-03 18:26:27,169 INFO userreg: Проверка наличия пользователя test0 в базе данных
2023-05-03 18:26:29,069 INFO userreg: Внесены данные пользователя test0 (ip: 127.0.0.1) в базу данных
2023-05-03 18:54:22,305 INFO __init__: Подключение к базе данных установлено.
2023-05-03 18:54:22,305 INFO __init__: Соединение с базой данных закрыто
2023-05-03 18:54:54,465 INFO userreg: Подключение к базе данных установлено.
2023-05-03 18:54:58,462 INFO userreg: Проверка наличия пользователя test11 в базе данных
2023-05-03 18:55:00,315 INFO userreg: Внесены данные пользователя test11 (ip: 127.0.0.1) в базу данных
2023-05-03 19:01:58,682 INFO __init__: Подключение к базе данных установлено.
2023-05-03 19:01:58,682 INFO __init__: Соединение с базой данных закрыто
2023-05-03 19:02:40,888 INFO __init__: Подключение к базе данных установлено.
2023-05-03 19:02:40,888 INFO __init__: Соединение с базой данных закрыто
2023-05-03 19:03:18,117 INFO userreg: Подключение к базе данных установлено.
2023-05-03 19:03:19,453 INFO userreg: Проверка наличия пользователя test12 в базе данных
2023-05-03 19:03:21,530 INFO userreg: Внесены данные пользователя test12 (ip: 127.0.0.1) в базу данных
2023-05-03 22:21:29,767 INFO __init__: Подключение к базе данных установлено.
2023-05-03 22:21:29,767 INFO __init__: Соединение с базой данных закрыто
2023-05-03 22:23:00,209 INFO __init__: Подключение к базе данных установлено.
2023-05-03 22:23:00,209 INFO __init__: Соединение с базой данных закрыто
2023-05-03 22:25:29,535 INFO __init__: Подключение к базе данных установлено.
2023-05-03 22:25:29,535 INFO __init__: Соединение с базой данных закрыто
2023-05-03 22:26:03,358 INFO userreg: Подключение к базе данных установлено.
2023-05-03 22:26:03,363 INFO userreg: Проверка наличия пользователя test85 в базе данных
2023-05-03 22:26:03,363 INFO userreg: Внесены данные пользователя test85 (ip: 127.0.0.1) в базу данных
2023-05-03 22:26:31,782 INFO userauth: Подключение к базе данных установлено.
2023-05-03 22:26:31,783 INFO userauth: Проверка наличия пользователя test85 в базе данных
2023-05-03 22:26:31,783 INFO userauth: Соединение с базой данных закрыто
2023-05-03 22:26:31,783 INFO userauth: Соединение с базой данных закрыто
2023-05-03 22:48:49,050 INFO __init__: Подключение к базе данных установлено.
2023-05-03 22:48:49,050 INFO __init__: Соединение с базой данных закрыто
2023-05-03 22:49:11,483 INFO userauth: Подключение к базе данных установлено.
2023-05-03 22:49:11,484 INFO userauth: Проверка наличия пользователя test0 в базе данных
2023-05-03 22:49:11,484 INFO userauth: Соединение с базой данных закрыто
2023-05-03 22:49:11,484 INFO userauth: Соединение с базой данных закрыто
2023-05-03 22:49:11,484 INFO update_info: Подключение к базе данных установлено.
2023-05-03 22:55:21,823 INFO __init__: Подключение к базе данных установлено.
2023-05-03 22:55:21,823 INFO __init__: Соединение с базой данных закрыто
2023-05-03 22:55:41,493 INFO userauth: Подключение к базе данных установлено.
2023-05-03 22:55:41,494 INFO userauth: Проверка наличия пользователя test0 в базе данных
2023-05-03 22:55:41,494 INFO userauth: Соединение с базой данных закрыто
2023-05-03 22:55:41,494 INFO userauth: Соединение с базой данных закрыто
2023-05-03 22:55:41,494 INFO update_info: Подключение к базе данных установлено.
2023-05-03 23:00:50,469 INFO __init__: Подключение к базе данных установлено.
2023-05-03 23:00:50,469 INFO __init__: Соединение с базой данных закрыто
2023-05-03 23:01:10,178 INFO userauth: Подключение к базе данных установлено.
2023-05-03 23:01:10,179 INFO userauth: Проверка наличия пользователя test0 в базе данных
2023-05-03 23:01:10,179 INFO userauth: Соединение с базой данных закрыто
2023-05-03 23:01:10,179 INFO userauth: Соединение с базой данных закрыто
2023-05-03 23:01:10,179 INFO update_info: Подключение к базе данных установлено.
2023-05-03 23:03:29,777 INFO __init__: Подключение к базе данных установлено.
2023-05-03 23:03:29,778 INFO __init__: Соединение с базой данных закрыто
2023-05-03 23:03:54,375 INFO userreg: Подключение к базе данных установлено.
2023-05-03 23:03:54,376 INFO userreg: Проверка наличия пользователя test0 в базе данных
2023-05-03 23:03:54,376 INFO userreg: Внесены данные пользователя test0 (ip: 127.0.0.1) в базу данных
2023-05-04 14:48:20,619 INFO __init__: Подключение к базе данных установлено.
2023-05-04 14:48:20,620 INFO __init__: Соединение с базой данных закрыто
2023-05-04 14:48:53,041 INFO userreg: Подключение к базе данных установлено.
2023-05-04 14:48:53,045 INFO userreg: Проверка наличия пользователя test111 в базе данных
2023-05-04 14:48:53,045 INFO userreg: Внесены данные пользователя test111 (ip: 127.0.0.1) в базу данных
2023-05-04 14:49:10,097 INFO userauth: Подключение к базе данных установлено.
2023-05-04 14:49:10,098 INFO userauth: Проверка наличия пользователя test111 в базе данных
2023-05-04 14:49:10,098 INFO userauth: Соединение с базой данных закрыто
2023-05-04 14:49:10,098 INFO userauth: Соединение с базой данных закрыто
2023-05-04 14:49:10,098 INFO update_info: Подключение к базе данных установлено.
2023-05-04 14:56:29,209 INFO __init__: Подключение к базе данных установлено.
2023-05-04 14:56:29,210 INFO __init__: Соединение с базой данных закрыто
2023-05-04 14:56:53,928 INFO userreg: Подключение к базе данных установлено.
2023-05-04 14:56:53,929 INFO userreg: Проверка наличия пользователя test1 в базе данных
2023-05-04 14:56:53,929 INFO userreg: Внесены данные пользователя test1 (ip: 127.0.0.1) в базу данных
2023-05-04 15:09:13,301 INFO __init__: Подключение к базе данных установлено.
2023-05-04 15:09:13,302 INFO __init__: Соединение с базой данных закрыто
2023-05-04 15:14:48,690 INFO __init__: Подключение к базе данных установлено.
2023-05-04 15:14:48,691 INFO __init__: Соединение с базой данных закрыто
2023-05-04 15:15:33,340 INFO __init__: Подключение к базе данных установлено.
2023-05-04 15:15:33,341 INFO __init__: Соединение с базой данных закрыто
2023-05-04 15:17:47,210 INFO __init__: Подключение к базе данных установлено.
2023-05-04 15:17:47,210 INFO __init__: Соединение с базой данных закрыто
2023-05-04 15:18:11,393 INFO userreg: Подключение к базе данных установлено.
2023-05-04 15:18:11,394 INFO userreg: Проверка наличия пользователя test2 в базе данных
2023-05-04 15:18:11,394 INFO userreg: Внесены данные пользователя test2 (ip: 127.0.0.1) в базу данных
2023-05-04 15:20:09,318 INFO __init__: Подключение к базе данных установлено.
2023-05-04 15:20:09,318 INFO __init__: Соединение с базой данных закрыто
2023-05-04 15:21:07,100 INFO __init__: Подключение к базе данных установлено.
2023-05-04 15:21:07,100 INFO __init__: Соединение с базой данных закрыто
2023-05-04 15:21:26,698 INFO userreg: Подключение к базе данных установлено.
2023-05-04 15:21:26,699 INFO userreg: Проверка наличия пользователя test3 в базе данных
2023-05-04 15:21:26,699 INFO userreg: Внесены данные пользователя test3 (ip: 127.0.0.1) в базу данных
2023-05-04 15:21:35,795 INFO userauth: Подключение к базе данных установлено.
2023-05-04 15:21:35,796 INFO userauth: Проверка наличия пользователя test3 в базе данных
2023-05-04 15:21:35,796 INFO userauth: Соединение с базой данных закрыто
2023-05-04 15:21:35,796 INFO userauth: Соединение с базой данных закрыто
2023-05-04 15:21:35,797 INFO update_info: Подключение к базе данных установлено.
2023-05-04 15:21:35,797 INFO update_info: Обновлена информация о пользователе с именем: 127.0.0.1
2023-05-04 15:21:35,805 INFO update_info: Соединение с базой данных закрыто
2023-05-04 15:25:00,348 INFO __init__: Подключение к базе данных установлено.
2023-05-04 15:25:00,348 INFO __init__: Соединение с базой данных закрыто
2023-05-04 15:25:17,835 INFO userauth: Подключение к базе данных установлено.
2023-05-04 15:25:17,835 INFO userauth: Проверка наличия пользователя test3 в базе данных
2023-05-04 15:25:17,835 INFO userauth: Соединение с базой данных закрыто
2023-05-04 15:25:17,835 INFO userauth: Соединение с базой данных закрыто
2023-05-04 15:25:24,754 INFO userauth: Подключение к базе данных установлено.
2023-05-04 15:25:24,755 INFO userauth: Проверка наличия пользователя test3 в базе данных
2023-05-04 15:25:24,755 INFO userauth: Соединение с базой данных закрыто
2023-05-04 15:25:24,755 INFO userauth: Соединение с базой данных закрыто
2023-05-04 15:25:24,756 INFO update_info: Подключение к базе данных установлено.
2023-05-04 15:25:24,757 INFO update_info: Обновлена информация о пользователе с именем: 1
2023-05-04 15:25:24,757 INFO update_info: Соединение с базой данных закрыто
2023-05-04 15:31:27,020 INFO __init__: Подключение к базе данных установлено.
2023-05-04 15:31:27,020 INFO __init__: Соединение с базой данных закрыто
2023-05-04 15:31:56,243 INFO userauth: Подключение к базе данных установлено.
2023-05-04 15:31:56,243 INFO userauth: Проверка наличия пользователя test3 в базе данных
2023-05-04 15:31:56,244 INFO userauth: Соединение с базой данных закрыто
2023-05-04 15:31:56,244 INFO userauth: Соединение с базой данных закрыто
2023-05-04 15:31:56,244 INFO update_info: Подключение к базе данных установлено.
2023-05-04 15:37:28,024 INFO __init__: Подключение к базе данных установлено.
2023-05-04 15:37:28,024 INFO __init__: Соединение с базой данных закрыто
2023-05-04 15:37:59,893 INFO userauth: Подключение к базе данных установлено.
2023-05-04 15:37:59,894 INFO userauth: Проверка наличия пользователя test3 в базе данных
2023-05-04 15:37:59,895 INFO userauth: Соединение с базой данных закрыто
2023-05-04 15:37:59,895 INFO update_info: Подключение к базе данных установлено.
2023-05-04 15:39:40,796 INFO __init__: Подключение к базе данных установлено.
2023-05-04 15:39:40,796 INFO __init__: Соединение с базой данных закрыто
2023-05-04 15:40:00,611 INFO userauth: Подключение к базе данных установлено.
2023-05-04 15:40:00,611 INFO userauth: Проверка наличия пользователя test3 в базе данных
2023-05-04 15:40:00,611 INFO userauth: Соединение с базой данных закрыто
2023-05-04 15:40:00,612 INFO update_info: Подключение к базе данных установлено.
2023-05-04 15:42:01,806 INFO __init__: Подключение к базе данных установлено.
2023-05-04 15:42:01,806 INFO __init__: Соединение с базой данных закрыто
2023-05-04 15:42:19,612 INFO userauth: Подключение к базе данных установлено.
2023-05-04 15:42:19,613 INFO userauth: Проверка наличия пользователя test3 в базе данных
2023-05-04 15:42:19,613 INFO userauth: Соединение с базой данных закрыто
2023-05-04 15:42:54,372 INFO update_info: Подключение к базе данных установлено.
2023-05-04 15:43:44,454 INFO __init__: Подключение к базе данных установлено.
2023-05-04 15:43:44,454 INFO __init__: Соединение с базой данных закрыто
2023-05-04 15:44:02,421 INFO userauth: Подключение к базе данных установлено.
2023-05-04 15:44:02,421 INFO userauth: Проверка наличия пользователя test3 в базе данных
2023-05-04 15:44:02,422 INFO userauth: Соединение с базой данных закрыто
2023-05-04 15:44:08,694 INFO update_info: Подключение к базе данных установлено.
2023-05-04 15:44:08,695 INFO update_info: Обновлена информация о пользователе с именем: 127.0.0.1
2023-05-04 15:44:08,703 INFO update_info: Соединение с базой данных закрыто
2023-05-04 15:56:13,916 INFO __init__: Подключение к базе данных установлено.
2023-05-04 15:56:13,916 INFO __init__: Соединение с базой данных закрыто
2023-05-04 16:03:40,599 INFO __init__: Подключение к базе данных установлено.
2023-05-04 16:03:40,599 INFO __init__: Соединение с базой данных закрыто
2023-05-04 16:04:11,078 INFO userauth: Подключение к базе данных установлено.
2023-05-04 16:04:11,078 INFO userauth: Проверка наличия пользователя test3 в базе данных
2023-05-04 16:04:11,079 INFO userauth: Соединение с базой данных закрыто
2023-05-04 16:04:16,337 INFO update_info: Подключение к базе данных установлено.
2023-05-04 16:04:16,338 INFO update_info: Обновлена информация о пользователе с именем: 127.0.0.1
2023-05-04 16:04:16,341 INFO update_info: Соединение с базой данных закрыто
2023-05-04 16:05:07,510 INFO __init__: Подключение к базе данных установлено.
2023-05-04 16:05:07,511 INFO __init__: Соединение с базой данных закрыто
2023-05-04 16:30:29,077 INFO __init__: Подключение к базе данных установлено.
2023-05-04 16:30:29,077 INFO __init__: Соединение с базой данных закрыто
2023-05-04 16:30:57,963 INFO userauth: Подключение к базе данных установлено.
2023-05-04 16:30:57,964 INFO userauth: Проверка наличия пользователя test3 в базе данных
2023-05-04 16:30:57,964 INFO userauth: Соединение с базой данных закрыто
2023-05-04 16:30:57,965 INFO update_info: Подключение к базе данных установлено.
2023-05-04 16:30:57,965 INFO update_info: Обновлена информация о пользователе с именем: 127.0.0.1
2023-05-04 16:30:57,973 INFO update_info: Соединение с базой данных закрыто
2023-05-04 16:31:01,075 INFO __init__: Подключение к базе данных установлено.
2023-05-04 16:31:01,075 INFO __init__: Соединение с базой данных закрыто
2023-05-04 16:34:04,516 INFO __init__: Подключение к базе данных установлено.
2023-05-04 16:34:04,516 INFO __init__: Соединение с базой данных закрыто
2023-05-04 16:34:27,076 INFO userauth: Подключение к базе данных установлено.
2023-05-04 16:34:27,076 INFO userauth: Проверка наличия пользователя test3 в базе данных
2023-05-04 16:34:27,076 INFO userauth: Соединение с базой данных закрыто
2023-05-04 16:34:27,077 INFO update_info: Подключение к базе данных установлено.
2023-05-04 16:34:27,077 INFO update_info: Обновлена информация о пользователе с именем: 127.0.0.1
2023-05-04 16:34:27,084 INFO update_info: Соединение с базой данных закрыто
2023-05-04 16:34:31,885 INFO __init__: Подключение к базе данных установлено.
2023-05-04 16:34:31,885 INFO __init__: Соединение с базой данных закрыто
2023-05-04 16:37:17,435 INFO __init__: Подключение к базе данных установлено.
2023-05-04 16:37:17,435 INFO __init__: Соединение с базой данных закрыто
2023-05-04 16:37:34,979 INFO userauth: Подключение к базе данных установлено.
2023-05-04 16:37:34,979 INFO userauth: Проверка наличия пользователя test3 в базе данных
2023-05-04 16:37:34,979 INFO userauth: Соединение с базой данных закрыто
2023-05-04 16:37:34,979 INFO update_info: Подключение к базе данных установлено.
2023-05-04 16:37:34,979 INFO update_info: Обновлена информация о пользователе с именем: 127.0.0.1
2023-05-04 16:37:34,987 INFO update_info: Соединение с базой данных закрыто
2023-05-04 16:48:37,895 INFO __init__: Подключение к базе данных установлено.
2023-05-04 16:48:37,895 INFO __init__: Соединение с базой данных закрыто
2023-05-04 16:48:58,478 INFO userauth: Подключение к базе данных установлено.
2023-05-04 16:48:58,479 INFO userauth: Проверка наличия пользователя test3 в базе данных
2023-05-04 16:48:58,479 INFO userauth: Соединение с базой данных закрыто
2023-05-04 16:48:58,480 INFO update_info: Подключение к базе данных установлено.
2023-05-04 16:48:58,480 INFO update_info: Обновлена информация о пользователе с именем: 127.0.0.1
2023-05-04 16:48:58,482 INFO update_info: Соединение с базой данных закрыто
2023-05-04 16:51:13,182 INFO __init__: Подключение к базе данных установлено.
2023-05-04 16:51:13,183 INFO __init__: Соединение с базой данных закрыто
2023-05-04 16:51:39,200 INFO userreg: Подключение к базе данных установлено.
2023-05-04 16:51:39,200 INFO userreg: Проверка наличия пользователя test12345 в базе данных
2023-05-04 16:51:39,201 INFO userreg: Внесены данные пользователя test12345 (ip: 127.0.0.1) в базу данных
2023-05-04 16:51:47,856 INFO userauth: Подключение к базе данных установлено.
2023-05-04 16:51:47,857 INFO userauth: Проверка наличия пользователя test12345 в базе данных
2023-05-04 16:51:47,857 INFO userauth: Соединение с базой данных закрыто
2023-05-04 16:51:47,857 INFO update_info: Подключение к базе данных установлено.
2023-05-04 16:51:47,858 INFO update_info: Обновлена информация о пользователе с именем: 127.0.0.1
2023-05-04 16:51:47,865 INFO update_info: Соединение с базой данных закрыто
2023-05-04 17:03:51,271 INFO __init__: Подключение к базе данных установлено.
2023-05-04 17:03:51,271 INFO __init__: Соединение с базой данных закрыто
2023-05-04 17:04:15,959 INFO userauth: Подключение к базе данных установлено.
2023-05-04 17:04:15,960 INFO userauth: Проверка наличия пользователя test3 в базе данных
2023-05-04 17:04:15,960 INFO userauth: Соединение с базой данных закрыто
2023-05-04 17:04:15,963 INFO __init__: Подключение к базе данных установлено.
2023-05-04 17:04:15,963 INFO __init__: Соединение с базой данных закрыто
2023-05-04 17:07:26,169 INFO __init__: Подключение к базе данных установлено.
2023-05-04 17:07:26,169 INFO __init__: Соединение с базой данных закрыто
2023-05-04 17:07:45,224 INFO userauth: Подключение к базе данных установлено.
2023-05-04 17:07:45,224 INFO userauth: Проверка наличия пользователя test3 в базе данных
2023-05-04 17:07:45,224 INFO userauth: Соединение с базой данных закрыто
2023-05-04 17:14:54,132 INFO __init__: Подключение к базе данных установлено.
2023-05-04 17:14:54,132 INFO __init__: Соединение с базой данных закрыто
2023-05-04 17:15:19,845 INFO userauth: Подключение к базе данных установлено.
2023-05-04 17:15:19,846 INFO userauth: Проверка наличия пользователя test3 в базе данных
2023-05-04 17:15:19,846 INFO userauth: Соединение с базой данных закрыто
2023-05-04 17:16:02,057 INFO __init__: Подключение к базе данных установлено.
2023-05-04 17:16:02,057 INFO __init__: Соединение с базой данных закрыто
2023-05-04 17:16:19,608 INFO userauth: Подключение к базе данных установлено.
2023-05-04 17:16:19,608 INFO userauth: Проверка наличия пользователя test3 в базе данных
2023-05-04 17:16:19,608 INFO userauth: Соединение с базой данных закрыто
2023-05-04 17:18:30,752 INFO __init__: Подключение к базе данных установлено.
2023-05-04 17:18:30,753 INFO __init__: Соединение с базой данных закрыто
2023-05-04 17:18:48,256 INFO userauth: Подключение к базе данных установлено.
2023-05-04 17:18:48,256 INFO userauth: Проверка наличия пользователя test3 в базе данных
2023-05-04 17:18:48,256 INFO userauth: Соединение с базой данных закрыто
2023-05-04 17:19:03,270 INFO userauth: Подключение к базе данных установлено.
2023-05-04 17:19:03,271 INFO userauth: Проверка наличия пользователя test3 в базе данных
2023-05-04 17:19:03,271 INFO userauth: Соединение с базой данных закрыто
2023-05-04 17:19:03,271 INFO update_info: Подключение к базе данных установлено.
2023-05-04 17:19:03,272 INFO update_info: Обновлена информация о пользователе с именем: 1
2023-05-04 17:19:03,272 INFO update_info: Соединение с базой данных закрыто
2023-05-04 17:27:29,044 INFO __init__: Подключение к базе данных установлено.
2023-05-04 17:27:29,044 INFO __init__: Соединение с базой данных закрыто
2023-05-04 17:27:46,578 INFO userauth: Подключение к базе данных установлено.
2023-05-04 17:27:46,579 INFO userauth: Проверка наличия пользователя test3 в базе данных
2023-05-04 17:27:46,579 INFO userauth: Соединение с базой данных закрыто
2023-05-04 17:27:56,590 INFO userauth: Подключение к базе данных установлено.
2023-05-04 17:27:56,590 INFO userauth: Проверка наличия пользователя test3 в базе данных
2023-05-04 17:27:56,591 INFO userauth: Соединение с базой данных закрыто
2023-05-04 17:27:56,591 INFO update_info: Подключение к базе данных установлено.
2023-05-04 17:27:56,591 INFO update_info: Обновлена информация о пользователе с именем: 1
2023-05-04 17:27:56,591 INFO update_info: Соединение с базой данных закрыто
2023-05-04 17:29:57,052 INFO __init__: Подключение к базе данных установлено.
2023-05-04 17:29:57,053 INFO __init__: Соединение с базой данных закрыто
2023-05-04 17:30:15,033 INFO userauth: Подключение к базе данных установлено.
2023-05-04 17:30:15,033 INFO userauth: Проверка наличия пользователя test3 в базе данных
2023-05-04 17:30:15,034 INFO userauth: Соединение с базой данных закрыто
2023-05-04 17:30:20,821 INFO update_info: Подключение к базе данных установлено.
2023-05-04 17:30:20,822 INFO update_info: Обновлена информация о пользователе с именем: 127.0.0.1
2023-05-04 17:30:20,830 INFO update_info: Соединение с базой данных закрыто
2023-05-04 17:42:13,676 INFO __init__: Подключение к базе данных установлено.
2023-05-04 17:42:13,676 INFO __init__: Соединение с базой данных закрыто
2023-05-04 17:42:34,787 INFO userauth: Подключение к базе данных установлено.
2023-05-04 17:42:34,788 INFO userauth: Проверка наличия пользователя test3 в базе данных
2023-05-04 17:42:34,788 INFO userauth: Соединение с базой данных закрыто
2023-05-04 17:42:34,788 INFO update_info: Подключение к базе данных установлено.
2023-05-04 17:42:34,789 INFO update_info: Обновлена информация о пользователе с именем: 127.0.0.1
2023-05-04 17:42:34,797 INFO update_info: Соединение с базой данных закрыто
2023-05-04 17:44:37,804 INFO __init__: Подключение к базе данных установлено.
2023-05-04 17:44:37,804 INFO __init__: Соединение с базой данных закрыто
2023-05-04 17:44:53,259 INFO userauth: Подключение к базе данных установлено.
2023-05-04 17:44:53,260 INFO userauth: Проверка наличия пользователя test3 в базе данных
2023-05-04 17:44:53,260 INFO userauth: Соединение с базой данных закрыто
2023-05-04 17:44:53,260 INFO update_info: Подключение к базе данных установлено.
2023-05-04 17:44:53,261 INFO update_info: Обновлена информация о пользователе с именем: 127.0.0.1
2023-05-04 17:44:53,268 INFO update_info: Соединение с базой данных закрыто
2023-05-04 17:45:46,412 INFO __init__: Подключение к базе данных установлено.
2023-05-04 17:45:46,412 INFO __init__: Соединение с базой данных закрыто
2023-05-04 17:46:03,460 INFO userauth: Подключение к базе данных установлено.
2023-05-04 17:46:03,460 INFO userauth: Проверка наличия пользователя test3 в базе данных
2023-05-04 17:46:03,460 INFO userauth: Соединение с базой данных закрыто
2023-05-04 17:46:03,461 INFO update_info: Подключение к базе данных установлено.
2023-05-04 17:46:03,461 INFO update_info: Обновлена информация о пользователе с именем: 127.0.0.1
2023-05-04 17:46:03,463 INFO update_info: Соединение с базой данных закрыто
2023-05-04 17:46:43,817 INFO __init__: Подключение к базе данных установлено.
2023-05-04 17:46:43,817 INFO __init__: Соединение с базой данных закрыто
2023-05-04 17:46:58,925 INFO userauth: Подключение к базе данных установлено.
2023-05-04 17:46:58,925 INFO userauth: Проверка наличия пользователя test3 в базе данных
2023-05-04 17:46:58,925 INFO userauth: Соединение с базой данных закрыто
2023-05-04 17:46:58,926 INFO update_info: Подключение к базе данных установлено.
2023-05-04 17:46:58,926 INFO update_info: Обновлена информация о пользователе с именем: 127.0.0.1
2023-05-04 17:46:58,934 INFO update_info: Соединение с базой данных закрыто
2023-05-04 17:49:36,566 INFO __init__: Подключение к базе данных установлено.
2023-05-04 17:49:36,566 INFO __init__: Соединение с базой данных закрыто
2023-05-04 17:49:55,138 INFO userauth: Подключение к базе данных установлено.
2023-05-04 17:49:55,139 INFO userauth: Проверка наличия пользователя test3 в базе данных
2023-05-04 17:49:55,139 INFO userauth: Соединение с базой данных закрыто
2023-05-04 17:49:55,139 INFO update_info: Подключение к базе данных установлено.
2023-05-04 17:49:55,140 INFO update_info: Обновлена информация о пользователе с именем: 127.0.0.1
2023-05-04 17:49:55,147 INFO update_info: Соединение с базой данных закрыто
2023-05-04 17:54:17,429 INFO __init__: Подключение к базе данных установлено.
2023-05-04 17:54:17,429 INFO __init__: Соединение с базой данных закрыто
2023-05-04 17:54:38,301 INFO userauth: Подключение к базе данных установлено.
2023-05-04 17:54:38,302 INFO userauth: Проверка наличия пользователя test3 в базе данных
2023-05-04 17:54:38,302 INFO userauth: Соединение с базой данных закрыто
2023-05-04 17:54:48,311 INFO userauth: Подключение к базе данных установлено.
2023-05-04 17:54:48,312 INFO userauth: Проверка наличия пользователя test3 в базе данных
2023-05-04 17:54:48,312 INFO userauth: Соединение с базой данных закрыто
2023-05-04 17:54:48,312 INFO update_info: Подключение к базе данных установлено.
2023-05-04 17:54:48,313 INFO update_info: Обновлена информация о пользователе с именем: 1
2023-05-04 17:54:48,313 INFO update_info: Соединение с базой данных закрыто
2023-05-04 17:56:53,414 INFO __init__: Подключение к базе данных установлено.
2023-05-04 17:56:53,415 INFO __init__: Соединение с базой данных закрыто
2023-05-04 17:57:12,140 INFO userauth: Подключение к базе данных установлено.
2023-05-04 17:57:12,141 INFO userauth: Проверка наличия пользователя test3 в базе данных
2023-05-04 17:57:12,141 INFO userauth: Соединение с базой данных закрыто
2023-05-04 17:57:18,283 INFO userauth: Подключение к базе данных установлено.
2023-05-04 17:57:18,284 INFO userauth: Проверка наличия пользователя test3 в базе данных
2023-05-04 17:57:18,284 INFO userauth: Соединение с базой данных закрыто
2023-05-04 17:57:18,284 INFO update_info: Подключение к базе данных установлено.
2023-05-04 17:57:18,285 INFO update_info: Обновлена информация о пользователе с именем: 1
2023-05-04 17:57:18,286 INFO update_info: Соединение с базой данных закрыто
2023-05-04 18:00:40,518 INFO __init__: Подключение к базе данных установлено.
2023-05-04 18:00:40,518 INFO __init__: Соединение с базой данных закрыто
2023-05-04 18:01:08,454 INFO userreg: Подключение к базе данных установлено.
2023-05-04 18:01:08,455 INFO userreg: Проверка наличия пользователя test_control в базе данных
2023-05-04 18:01:08,455 INFO userreg: Внесены данные пользователя test_control (ip: 127.0.0.1) в базу данных
2023-05-04 18:01:18,366 INFO userauth: Подключение к базе данных установлено.
2023-05-04 18:01:18,367 INFO userauth: Проверка наличия пользователя test_control в базе данных
2023-05-04 18:01:18,367 INFO userauth: Соединение с базой данных закрыто
2023-05-04 18:01:18,367 INFO update_info: Подключение к базе данных установлено.
2023-05-04 18:01:18,368 INFO update_info: Обновлена информация о пользователе с именем: 127.0.0.1
2023-05-04 18:01:18,375 INFO update_info: Соединение с базой данных закрыто
